2025-08-04T09:56:42.442+05:30  INFO 6468 --- [Back_End] [main] c.example.back_end.BackEndApplication    : Starting BackEndApplication using Java 21.0.4 with PID 6468 (D:\IJSE\2nd SEM\AAD\SPRING BOOT\SpringBoot Project_01\Back_End\target\classes started by Lithira Jayanaka in D:\IJSE\2nd SEM\AAD\SPRING BOOT\SpringBoot Project_01\Back_End)
2025-08-04T09:56:42.446+05:30 DEBUG 6468 --- [Back_End] [main] c.example.back_end.BackEndApplication    : Running with Spring Boot v3.5.3, Spring v6.2.8
2025-08-04T09:56:42.447+05:30  INFO 6468 --- [Back_End] [main] c.example.back_end.BackEndApplication    : No active profile set, falling back to 1 default profile: "default"
2025-08-04T09:56:43.087+05:30  INFO 6468 --- [Back_End] [main] .s.d.r.c.RepositoryConfigurationDelegate : Bootstrapping Spring Data JPA repositories in DEFAULT mode.
2025-08-04T09:56:43.145+05:30  INFO 6468 --- [Back_End] [main] .s.d.r.c.RepositoryConfigurationDelegate : Finished Spring Data repository scanning in 49 ms. Found 2 JPA repository interfaces.
2025-08-04T09:56:43.639+05:30  INFO 6468 --- [Back_End] [main] o.s.b.w.embedded.tomcat.TomcatWebServer  : Tomcat initialized with port 8080 (http)
2025-08-04T09:56:43.651+05:30  INFO 6468 --- [Back_End] [main] o.apache.catalina.core.StandardService   : Starting service [Tomcat]
2025-08-04T09:56:43.651+05:30  INFO 6468 --- [Back_End] [main] o.apache.catalina.core.StandardEngine    : Starting Servlet engine: [Apache Tomcat/10.1.42]
2025-08-04T09:56:43.702+05:30  INFO 6468 --- [Back_End] [main] o.a.c.c.C.[Tomcat].[localhost].[/]       : Initializing Spring embedded WebApplicationContext
2025-08-04T09:56:43.702+05:30  INFO 6468 --- [Back_End] [main] w.s.c.ServletWebServerApplicationContext : Root WebApplicationContext: initialization completed in 1212 ms
2025-08-04T09:56:43.844+05:30  INFO 6468 --- [Back_End] [main] o.hibernate.jpa.internal.util.LogHelper  : HHH000204: Processing PersistenceUnitInfo [name: default]
2025-08-04T09:56:43.912+05:30  INFO 6468 --- [Back_End] [main] org.hibernate.Version                    : HHH000412: Hibernate ORM core version 6.6.18.Final
2025-08-04T09:56:43.954+05:30  INFO 6468 --- [Back_End] [main] o.h.c.internal.RegionFactoryInitiator    : HHH000026: Second-level cache disabled
2025-08-04T09:56:44.226+05:30  INFO 6468 --- [Back_End] [main] o.s.o.j.p.SpringPersistenceUnitInfo      : No LoadTimeWeaver setup: ignoring JPA class transformer
2025-08-04T09:56:44.254+05:30  INFO 6468 --- [Back_End] [main] com.zaxxer.hikari.HikariDataSource       : HikariPool-1 - Starting...
2025-08-04T09:56:44.594+05:30  INFO 6468 --- [Back_End] [main] com.zaxxer.hikari.pool.HikariPool        : HikariPool-1 - Added connection com.mysql.cj.jdbc.ConnectionImpl@5599dc60
2025-08-04T09:56:44.595+05:30  INFO 6468 --- [Back_End] [main] com.zaxxer.hikari.HikariDataSource       : HikariPool-1 - Start completed.
2025-08-04T09:56:44.640+05:30  WARN 6468 --- [Back_End] [main] org.hibernate.orm.deprecation            : HHH90000025: MySQLDialect does not need to be specified explicitly using 'hibernate.dialect' (remove the property setting and it will be selected by default)
2025-08-04T09:56:44.655+05:30  INFO 6468 --- [Back_End] [main] org.hibernate.orm.connections.pooling    : HHH10001005: Database info:
	Database JDBC URL [Connecting through datasource 'HikariDataSource (HikariPool-1)']
	Database driver: undefined/unknown
	Database version: 8.0.42
	Autocommit mode: undefined/unknown
	Isolation level: undefined/unknown
	Minimum pool size: undefined/unknown
	Maximum pool size: undefined/unknown
2025-08-04T09:56:45.416+05:30  INFO 6468 --- [Back_End] [main] o.h.e.t.j.p.i.JtaPlatformInitiator       : HHH000489: No JTA platform available (set 'hibernate.transaction.jta.platform' to enable JTA platform integration)
2025-08-04T09:56:45.461+05:30  INFO 6468 --- [Back_End] [main] j.LocalContainerEntityManagerFactoryBean : Initialized JPA EntityManagerFactory for persistence unit 'default'
2025-08-04T09:56:45.741+05:30 DEBUG 6468 --- [Back_End] [main] c.example.back_end.util.JwtAuthFilter    : Filter 'jwtAuthFilter' configured for use
2025-08-04T09:56:45.822+05:30  INFO 6468 --- [Back_End] [main] o.s.d.j.r.query.QueryEnhancerFactory     : Hibernate is in classpath; If applicable, HQL parser will be used.
2025-08-04T09:56:45.902+05:30  WARN 6468 --- [Back_End] [main] JpaBaseConfiguration$JpaWebConfiguration : spring.jpa.open-in-view is enabled by default. Therefore, database queries may be performed during view rendering. Explicitly configure spring.jpa.open-in-view to disable this warning
2025-08-04T09:56:45.937+05:30  INFO 6468 --- [Back_End] [main] eAuthenticationProviderManagerConfigurer : Global AuthenticationManager configured with AuthenticationProvider bean with name authenticationProvider
2025-08-04T09:56:45.937+05:30  WARN 6468 --- [Back_End] [main] r$InitializeUserDetailsManagerConfigurer : Global AuthenticationManager configured with an AuthenticationProvider bean. UserDetailsService beans will not be used by Spring Security for automatically configuring username/password login. Consider removing the AuthenticationProvider bean. Alternatively, consider using the UserDetailsService in a manually instantiated DaoAuthenticationProvider. If the current configuration is intentional, to turn off this warning, increase the logging level of 'org.springframework.security.config.annotation.authentication.configuration.InitializeUserDetailsBeanManagerConfigurer' to ERROR
2025-08-04T09:56:46.081+05:30 DEBUG 6468 --- [Back_End] [main] s.w.s.m.m.a.RequestMappingHandlerMapping : 10 mappings in 'requestMappingHandlerMapping'
2025-08-04T09:56:46.169+05:30 DEBUG 6468 --- [Back_End] [main] o.s.w.s.handler.SimpleUrlHandlerMapping  : Patterns [/webjars/**, /**] in 'resourceHandlerMapping'
2025-08-04T09:56:46.282+05:30 DEBUG 6468 --- [Back_End] [main] s.w.s.m.m.a.RequestMappingHandlerAdapter : ControllerAdvice beans: 0 @ModelAttribute, 0 @InitBinder, 1 RequestBodyAdvice, 1 ResponseBodyAdvice
2025-08-04T09:56:46.337+05:30 DEBUG 6468 --- [Back_End] [main] .m.m.a.ExceptionHandlerExceptionResolver : ControllerAdvice beans: 1 @ExceptionHandler, 1 ResponseBodyAdvice
2025-08-04T09:56:46.467+05:30  INFO 6468 --- [Back_End] [main] o.s.b.w.embedded.tomcat.TomcatWebServer  : Tomcat started on port 8080 (http) with context path '/'
2025-08-04T09:56:46.472+05:30  INFO 6468 --- [Back_End] [main] c.example.back_end.BackEndApplication    : Started BackEndApplication in 4.6 seconds (process running for 5.388)
2025-08-04T09:57:43.775+05:30  INFO 6468 --- [Back_End] [http-nio-8080-exec-1] o.a.c.c.C.[Tomcat].[localhost].[/]       : Initializing Spring DispatcherServlet 'dispatcherServlet'
2025-08-04T09:57:43.775+05:30  INFO 6468 --- [Back_End] [http-nio-8080-exec-1] o.s.web.servlet.DispatcherServlet        : Initializing Servlet 'dispatcherServlet'
2025-08-04T09:57:43.775+05:30 DEBUG 6468 --- [Back_End] [http-nio-8080-exec-1] o.s.web.servlet.DispatcherServlet        : Detected StandardServletMultipartResolver
2025-08-04T09:57:43.775+05:30 DEBUG 6468 --- [Back_End] [http-nio-8080-exec-1] o.s.web.servlet.DispatcherServlet        : Detected AcceptHeaderLocaleResolver
2025-08-04T09:57:43.775+05:30 DEBUG 6468 --- [Back_End] [http-nio-8080-exec-1] o.s.web.servlet.DispatcherServlet        : Detected FixedThemeResolver
2025-08-04T09:57:43.777+05:30 DEBUG 6468 --- [Back_End] [http-nio-8080-exec-1] o.s.web.servlet.DispatcherServlet        : Detected org.springframework.web.servlet.view.DefaultRequestToViewNameTranslator@61b6f287
2025-08-04T09:57:43.777+05:30 DEBUG 6468 --- [Back_End] [http-nio-8080-exec-1] o.s.web.servlet.DispatcherServlet        : Detected org.springframework.web.servlet.support.SessionFlashMapManager@2735a7dc
2025-08-04T09:57:43.778+05:30 DEBUG 6468 --- [Back_End] [http-nio-8080-exec-1] o.s.web.servlet.DispatcherServlet        : enableLoggingRequestDetails='false': request parameters and headers will be masked to prevent unsafe logging of potentially sensitive data
2025-08-04T09:57:43.778+05:30  INFO 6468 --- [Back_End] [http-nio-8080-exec-1] o.s.web.servlet.DispatcherServlet        : Completed initialization in 3 ms
2025-08-04T09:57:43.826+05:30 DEBUG 6468 --- [Back_End] [http-nio-8080-exec-2] o.s.web.servlet.DispatcherServlet        : POST "/auth/login", parameters={}
2025-08-04T09:57:43.827+05:30 DEBUG 6468 --- [Back_End] [http-nio-8080-exec-2] s.w.s.m.m.a.RequestMappingHandlerMapping : Mapped to com.example.back_end.controller.AuthController#login(AuthDTO)
2025-08-04T09:57:43.884+05:30 DEBUG 6468 --- [Back_End] [http-nio-8080-exec-2] m.m.a.RequestResponseBodyMethodProcessor : Read "application/json;charset=UTF-8" to [AuthDTO(username=ljk2, password=123)]
2025-08-04T09:57:44.003+05:30 DEBUG 6468 --- [Back_End] [http-nio-8080-exec-2] .m.m.a.ExceptionHandlerExceptionResolver : Using @ExceptionHandler com.example.back_end.exceptions.GlobalExceptionHandler#handleUsernameNotFoundException(UsernameNotFoundException)
2025-08-04T09:57:44.016+05:30 DEBUG 6468 --- [Back_End] [http-nio-8080-exec-2] m.m.a.RequestResponseBodyMethodProcessor : Using 'application/json', given [*/*] and supported [application/json, application/*+json]
2025-08-04T09:57:44.019+05:30 DEBUG 6468 --- [Back_End] [http-nio-8080-exec-2] m.m.a.RequestResponseBodyMethodProcessor : Writing [APIResponse(status=404, message=Username not found, data=null)]
2025-08-04T09:57:44.029+05:30 DEBUG 6468 --- [Back_End] [http-nio-8080-exec-2] .m.m.a.ExceptionHandlerExceptionResolver : Resolved [org.springframework.security.core.userdetails.UsernameNotFoundException: Username not found]
2025-08-04T09:57:44.031+05:30 DEBUG 6468 --- [Back_End] [http-nio-8080-exec-2] o.s.web.servlet.DispatcherServlet        : Completed 404 NOT_FOUND
2025-08-04T09:57:56.200+05:30 DEBUG 6468 --- [Back_End] [http-nio-8080-exec-3] o.s.web.servlet.DispatcherServlet        : POST "/auth/login", parameters={}
2025-08-04T09:57:56.200+05:30 DEBUG 6468 --- [Back_End] [http-nio-8080-exec-3] s.w.s.m.m.a.RequestMappingHandlerMapping : Mapped to com.example.back_end.controller.AuthController#login(AuthDTO)
2025-08-04T09:57:56.201+05:30 DEBUG 6468 --- [Back_End] [http-nio-8080-exec-3] m.m.a.RequestResponseBodyMethodProcessor : Read "application/json;charset=UTF-8" to [AuthDTO(username=lithira, password=123)]
2025-08-04T09:57:56.305+05:30 DEBUG 6468 --- [Back_End] [http-nio-8080-exec-3] o.s.w.s.m.m.a.HttpEntityMethodProcessor  : Using 'application/json', given [*/*] and supported [application/json, application/*+json]
2025-08-04T09:57:56.305+05:30 DEBUG 6468 --- [Back_End] [http-nio-8080-exec-3] o.s.w.s.m.m.a.HttpEntityMethodProcessor  : Writing [APIResponse(status=200, message=User Login Success !!, data=AuthResponseDTO(token=eyJhbGciOiJIUzI1Ni (truncated)...]
2025-08-04T09:57:56.307+05:30 DEBUG 6468 --- [Back_End] [http-nio-8080-exec-3] o.s.web.servlet.DispatcherServlet        : Completed 200 OK
2025-08-04T09:57:56.626+05:30 DEBUG 6468 --- [Back_End] [http-nio-8080-exec-5] o.s.web.servlet.DispatcherServlet        : GET "/api/v1/job/getall", parameters={}
2025-08-04T09:57:56.626+05:30 DEBUG 6468 --- [Back_End] [http-nio-8080-exec-5] s.w.s.m.m.a.RequestMappingHandlerMapping : Mapped to com.example.back_end.controller.JobController#getAllJobs()
2025-08-04T09:57:56.686+05:30 DEBUG 6468 --- [Back_End] [http-nio-8080-exec-5] o.s.w.s.m.m.a.HttpEntityMethodProcessor  : Using 'application/json', given [*/*] and supported [application/json, application/*+json]
2025-08-04T09:57:56.686+05:30 DEBUG 6468 --- [Back_End] [http-nio-8080-exec-5] o.s.w.s.m.m.a.HttpEntityMethodProcessor  : Writing [APIResponse(status=200, message=Jobs fetched successfully, data=[com.example.back_end.entity.Job@214 (truncated)...]
2025-08-04T09:57:56.689+05:30 DEBUG 6468 --- [Back_End] [http-nio-8080-exec-5] o.s.web.servlet.DispatcherServlet        : Completed 200 OK
2025-08-04T10:01:11.981+05:30  INFO 6468 --- [Back_End] [SpringApplicationShutdownHook] o.s.b.w.e.tomcat.GracefulShutdown        : Commencing graceful shutdown. Waiting for active requests to complete
2025-08-04T10:01:11.993+05:30  INFO 6468 --- [Back_End] [tomcat-shutdown] o.s.b.w.e.tomcat.GracefulShutdown        : Graceful shutdown complete
2025-08-04T10:01:11.997+05:30  INFO 6468 --- [Back_End] [SpringApplicationShutdownHook] j.LocalContainerEntityManagerFactoryBean : Closing JPA EntityManagerFactory for persistence unit 'default'
2025-08-04T10:01:11.999+05:30  INFO 6468 --- [Back_End] [SpringApplicationShutdownHook] com.zaxxer.hikari.HikariDataSource       : HikariPool-1 - Shutdown initiated...
2025-08-04T10:01:12.005+05:30  INFO 6468 --- [Back_End] [SpringApplicationShutdownHook] com.zaxxer.hikari.HikariDataSource       : HikariPool-1 - Shutdown completed.
2025-08-04T10:32:18.892+05:30  INFO 22232 --- [Back_End] [main] c.example.back_end.BackEndApplication    : Starting BackEndApplication using Java 21.0.4 with PID 22232 (D:\IJSE\2nd SEM\AAD-Practise\SpringBoot Project_01\Back_End\target\classes started by Lithira Jayanaka in D:\IJSE\2nd SEM\AAD-Practise\SpringBoot Project_01\Back_End)
2025-08-04T10:32:18.893+05:30 DEBUG 22232 --- [Back_End] [main] c.example.back_end.BackEndApplication    : Running with Spring Boot v3.5.3, Spring v6.2.8
2025-08-04T10:32:18.893+05:30  INFO 22232 --- [Back_End] [main] c.example.back_end.BackEndApplication    : No active profile set, falling back to 1 default profile: "default"
2025-08-04T10:32:19.487+05:30  INFO 22232 --- [Back_End] [main] .s.d.r.c.RepositoryConfigurationDelegate : Bootstrapping Spring Data JPA repositories in DEFAULT mode.
2025-08-04T10:32:19.538+05:30  INFO 22232 --- [Back_End] [main] .s.d.r.c.RepositoryConfigurationDelegate : Finished Spring Data repository scanning in 44 ms. Found 2 JPA repository interfaces.
2025-08-04T10:32:19.923+05:30  INFO 22232 --- [Back_End] [main] o.s.b.w.embedded.tomcat.TomcatWebServer  : Tomcat initialized with port 8080 (http)
2025-08-04T10:32:19.933+05:30  INFO 22232 --- [Back_End] [main] o.apache.catalina.core.StandardService   : Starting service [Tomcat]
2025-08-04T10:32:19.933+05:30  INFO 22232 --- [Back_End] [main] o.apache.catalina.core.StandardEngine    : Starting Servlet engine: [Apache Tomcat/10.1.42]
2025-08-04T10:32:19.977+05:30  INFO 22232 --- [Back_End] [main] o.a.c.c.C.[Tomcat].[localhost].[/]       : Initializing Spring embedded WebApplicationContext
2025-08-04T10:32:19.978+05:30  INFO 22232 --- [Back_End] [main] w.s.c.ServletWebServerApplicationContext : Root WebApplicationContext: initialization completed in 1047 ms
2025-08-04T10:32:20.073+05:30  INFO 22232 --- [Back_End] [main] o.hibernate.jpa.internal.util.LogHelper  : HHH000204: Processing PersistenceUnitInfo [name: default]
2025-08-04T10:32:20.112+05:30  INFO 22232 --- [Back_End] [main] org.hibernate.Version                    : HHH000412: Hibernate ORM core version 6.6.18.Final
2025-08-04T10:32:20.138+05:30  INFO 22232 --- [Back_End] [main] o.h.c.internal.RegionFactoryInitiator    : HHH000026: Second-level cache disabled
2025-08-04T10:32:20.364+05:30  INFO 22232 --- [Back_End] [main] o.s.o.j.p.SpringPersistenceUnitInfo      : No LoadTimeWeaver setup: ignoring JPA class transformer
2025-08-04T10:32:20.385+05:30  INFO 22232 --- [Back_End] [main] com.zaxxer.hikari.HikariDataSource       : HikariPool-1 - Starting...
2025-08-04T10:32:20.629+05:30  INFO 22232 --- [Back_End] [main] com.zaxxer.hikari.pool.HikariPool        : HikariPool-1 - Added connection com.mysql.cj.jdbc.ConnectionImpl@11295cb1
2025-08-04T10:32:20.630+05:30  INFO 22232 --- [Back_End] [main] com.zaxxer.hikari.HikariDataSource       : HikariPool-1 - Start completed.
2025-08-04T10:32:20.669+05:30  WARN 22232 --- [Back_End] [main] org.hibernate.orm.deprecation            : HHH90000025: MySQLDialect does not need to be specified explicitly using 'hibernate.dialect' (remove the property setting and it will be selected by default)
2025-08-04T10:32:20.681+05:30  INFO 22232 --- [Back_End] [main] org.hibernate.orm.connections.pooling    : HHH10001005: Database info:
	Database JDBC URL [Connecting through datasource 'HikariDataSource (HikariPool-1)']
	Database driver: undefined/unknown
	Database version: 8.0.42
	Autocommit mode: undefined/unknown
	Isolation level: undefined/unknown
	Minimum pool size: undefined/unknown
	Maximum pool size: undefined/unknown
2025-08-04T10:32:21.334+05:30  INFO 22232 --- [Back_End] [main] o.h.e.t.j.p.i.JtaPlatformInitiator       : HHH000489: No JTA platform available (set 'hibernate.transaction.jta.platform' to enable JTA platform integration)
2025-08-04T10:32:21.372+05:30  INFO 22232 --- [Back_End] [main] j.LocalContainerEntityManagerFactoryBean : Initialized JPA EntityManagerFactory for persistence unit 'default'
2025-08-04T10:32:21.608+05:30 DEBUG 22232 --- [Back_End] [main] c.example.back_end.util.JwtAuthFilter    : Filter 'jwtAuthFilter' configured for use
2025-08-04T10:32:21.676+05:30  INFO 22232 --- [Back_End] [main] o.s.d.j.r.query.QueryEnhancerFactory     : Hibernate is in classpath; If applicable, HQL parser will be used.
2025-08-04T10:32:21.738+05:30  WARN 22232 --- [Back_End] [main] JpaBaseConfiguration$JpaWebConfiguration : spring.jpa.open-in-view is enabled by default. Therefore, database queries may be performed during view rendering. Explicitly configure spring.jpa.open-in-view to disable this warning
2025-08-04T10:32:21.769+05:30  INFO 22232 --- [Back_End] [main] eAuthenticationProviderManagerConfigurer : Global AuthenticationManager configured with AuthenticationProvider bean with name authenticationProvider
2025-08-04T10:32:21.770+05:30  WARN 22232 --- [Back_End] [main] r$InitializeUserDetailsManagerConfigurer : Global AuthenticationManager configured with an AuthenticationProvider bean. UserDetailsService beans will not be used by Spring Security for automatically configuring username/password login. Consider removing the AuthenticationProvider bean. Alternatively, consider using the UserDetailsService in a manually instantiated DaoAuthenticationProvider. If the current configuration is intentional, to turn off this warning, increase the logging level of 'org.springframework.security.config.annotation.authentication.configuration.InitializeUserDetailsBeanManagerConfigurer' to ERROR
2025-08-04T10:32:21.884+05:30 DEBUG 22232 --- [Back_End] [main] s.w.s.m.m.a.RequestMappingHandlerMapping : 10 mappings in 'requestMappingHandlerMapping'
2025-08-04T10:32:21.955+05:30 DEBUG 22232 --- [Back_End] [main] o.s.w.s.handler.SimpleUrlHandlerMapping  : Patterns [/webjars/**, /**] in 'resourceHandlerMapping'
2025-08-04T10:32:22.052+05:30 DEBUG 22232 --- [Back_End] [main] s.w.s.m.m.a.RequestMappingHandlerAdapter : ControllerAdvice beans: 0 @ModelAttribute, 0 @InitBinder, 1 RequestBodyAdvice, 1 ResponseBodyAdvice
2025-08-04T10:32:22.091+05:30 DEBUG 22232 --- [Back_End] [main] .m.m.a.ExceptionHandlerExceptionResolver : ControllerAdvice beans: 1 @ExceptionHandler, 1 ResponseBodyAdvice
2025-08-04T10:32:22.211+05:30  INFO 22232 --- [Back_End] [main] o.s.b.w.embedded.tomcat.TomcatWebServer  : Tomcat started on port 8080 (http) with context path '/'
2025-08-04T10:32:22.216+05:30  INFO 22232 --- [Back_End] [main] c.example.back_end.BackEndApplication    : Started BackEndApplication in 3.722 seconds (process running for 4.329)
2025-08-04T10:32:31.778+05:30  INFO 22232 --- [Back_End] [SpringApplicationShutdownHook] o.s.b.w.e.tomcat.GracefulShutdown        : Commencing graceful shutdown. Waiting for active requests to complete
2025-08-04T10:32:31.791+05:30  INFO 22232 --- [Back_End] [tomcat-shutdown] o.s.b.w.e.tomcat.GracefulShutdown        : Graceful shutdown complete
2025-08-04T10:32:31.794+05:30  INFO 22232 --- [Back_End] [SpringApplicationShutdownHook] j.LocalContainerEntityManagerFactoryBean : Closing JPA EntityManagerFactory for persistence unit 'default'
2025-08-04T10:32:31.796+05:30  INFO 22232 --- [Back_End] [SpringApplicationShutdownHook] com.zaxxer.hikari.HikariDataSource       : HikariPool-1 - Shutdown initiated...
2025-08-04T10:32:31.801+05:30  INFO 22232 --- [Back_End] [SpringApplicationShutdownHook] com.zaxxer.hikari.HikariDataSource       : HikariPool-1 - Shutdown completed.
2025-08-04T10:36:52.257+05:30  INFO 17180 --- [Back_End] [main] c.example.back_end.BackEndApplication    : Starting BackEndApplication using Java 21.0.4 with PID 17180 (D:\IJSE\2nd SEM\AAD-Practise\SpringBoot Project_01\Back_End\target\classes started by Lithira Jayanaka in D:\IJSE\2nd SEM\AAD-Practise\SpringBoot Project_01\Back_End)
2025-08-04T10:36:52.258+05:30 DEBUG 17180 --- [Back_End] [main] c.example.back_end.BackEndApplication    : Running with Spring Boot v3.5.3, Spring v6.2.8
2025-08-04T10:36:52.259+05:30  INFO 17180 --- [Back_End] [main] c.example.back_end.BackEndApplication    : No active profile set, falling back to 1 default profile: "default"
2025-08-04T10:36:52.798+05:30  INFO 17180 --- [Back_End] [main] .s.d.r.c.RepositoryConfigurationDelegate : Bootstrapping Spring Data JPA repositories in DEFAULT mode.
2025-08-04T10:36:52.844+05:30  INFO 17180 --- [Back_End] [main] .s.d.r.c.RepositoryConfigurationDelegate : Finished Spring Data repository scanning in 39 ms. Found 2 JPA repository interfaces.
2025-08-04T10:36:53.229+05:30  INFO 17180 --- [Back_End] [main] o.s.b.w.embedded.tomcat.TomcatWebServer  : Tomcat initialized with port 8080 (http)
2025-08-04T10:36:53.238+05:30  INFO 17180 --- [Back_End] [main] o.apache.catalina.core.StandardService   : Starting service [Tomcat]
2025-08-04T10:36:53.239+05:30  INFO 17180 --- [Back_End] [main] o.apache.catalina.core.StandardEngine    : Starting Servlet engine: [Apache Tomcat/10.1.42]
2025-08-04T10:36:53.282+05:30  INFO 17180 --- [Back_End] [main] o.a.c.c.C.[Tomcat].[localhost].[/]       : Initializing Spring embedded WebApplicationContext
2025-08-04T10:36:53.283+05:30  INFO 17180 --- [Back_End] [main] w.s.c.ServletWebServerApplicationContext : Root WebApplicationContext: initialization completed in 990 ms
2025-08-04T10:36:53.377+05:30  INFO 17180 --- [Back_End] [main] o.hibernate.jpa.internal.util.LogHelper  : HHH000204: Processing PersistenceUnitInfo [name: default]
2025-08-04T10:36:53.415+05:30  INFO 17180 --- [Back_End] [main] org.hibernate.Version                    : HHH000412: Hibernate ORM core version 6.6.18.Final
2025-08-04T10:36:53.442+05:30  INFO 17180 --- [Back_End] [main] o.h.c.internal.RegionFactoryInitiator    : HHH000026: Second-level cache disabled
2025-08-04T10:36:53.656+05:30  INFO 17180 --- [Back_End] [main] o.s.o.j.p.SpringPersistenceUnitInfo      : No LoadTimeWeaver setup: ignoring JPA class transformer
2025-08-04T10:36:53.678+05:30  INFO 17180 --- [Back_End] [main] com.zaxxer.hikari.HikariDataSource       : HikariPool-1 - Starting...
2025-08-04T10:36:53.920+05:30  INFO 17180 --- [Back_End] [main] com.zaxxer.hikari.pool.HikariPool        : HikariPool-1 - Added connection com.mysql.cj.jdbc.ConnectionImpl@58f50dd0
2025-08-04T10:36:53.923+05:30  INFO 17180 --- [Back_End] [main] com.zaxxer.hikari.HikariDataSource       : HikariPool-1 - Start completed.
2025-08-04T10:36:53.960+05:30  WARN 17180 --- [Back_End] [main] org.hibernate.orm.deprecation            : HHH90000025: MySQLDialect does not need to be specified explicitly using 'hibernate.dialect' (remove the property setting and it will be selected by default)
2025-08-04T10:36:53.981+05:30  INFO 17180 --- [Back_End] [main] org.hibernate.orm.connections.pooling    : HHH10001005: Database info:
	Database JDBC URL [Connecting through datasource 'HikariDataSource (HikariPool-1)']
	Database driver: undefined/unknown
	Database version: 8.0.42
	Autocommit mode: undefined/unknown
	Isolation level: undefined/unknown
	Minimum pool size: undefined/unknown
	Maximum pool size: undefined/unknown
2025-08-04T10:36:54.622+05:30  INFO 17180 --- [Back_End] [main] o.h.e.t.j.p.i.JtaPlatformInitiator       : HHH000489: No JTA platform available (set 'hibernate.transaction.jta.platform' to enable JTA platform integration)
2025-08-04T10:36:54.663+05:30  INFO 17180 --- [Back_End] [main] j.LocalContainerEntityManagerFactoryBean : Initialized JPA EntityManagerFactory for persistence unit 'default'
2025-08-04T10:36:54.891+05:30 DEBUG 17180 --- [Back_End] [main] c.example.back_end.util.JwtAuthFilter    : Filter 'jwtAuthFilter' configured for use
2025-08-04T10:36:54.957+05:30  INFO 17180 --- [Back_End] [main] o.s.d.j.r.query.QueryEnhancerFactory     : Hibernate is in classpath; If applicable, HQL parser will be used.
2025-08-04T10:36:55.022+05:30  WARN 17180 --- [Back_End] [main] JpaBaseConfiguration$JpaWebConfiguration : spring.jpa.open-in-view is enabled by default. Therefore, database queries may be performed during view rendering. Explicitly configure spring.jpa.open-in-view to disable this warning
2025-08-04T10:36:55.058+05:30  INFO 17180 --- [Back_End] [main] eAuthenticationProviderManagerConfigurer : Global AuthenticationManager configured with AuthenticationProvider bean with name authenticationProvider
2025-08-04T10:36:55.058+05:30  WARN 17180 --- [Back_End] [main] r$InitializeUserDetailsManagerConfigurer : Global AuthenticationManager configured with an AuthenticationProvider bean. UserDetailsService beans will not be used by Spring Security for automatically configuring username/password login. Consider removing the AuthenticationProvider bean. Alternatively, consider using the UserDetailsService in a manually instantiated DaoAuthenticationProvider. If the current configuration is intentional, to turn off this warning, increase the logging level of 'org.springframework.security.config.annotation.authentication.configuration.InitializeUserDetailsBeanManagerConfigurer' to ERROR
2025-08-04T10:36:55.165+05:30 DEBUG 17180 --- [Back_End] [main] s.w.s.m.m.a.RequestMappingHandlerMapping : 10 mappings in 'requestMappingHandlerMapping'
2025-08-04T10:36:55.239+05:30 DEBUG 17180 --- [Back_End] [main] o.s.w.s.handler.SimpleUrlHandlerMapping  : Patterns [/webjars/**, /**] in 'resourceHandlerMapping'
2025-08-04T10:36:55.341+05:30 DEBUG 17180 --- [Back_End] [main] s.w.s.m.m.a.RequestMappingHandlerAdapter : ControllerAdvice beans: 0 @ModelAttribute, 0 @InitBinder, 1 RequestBodyAdvice, 1 ResponseBodyAdvice
2025-08-04T10:36:55.381+05:30 DEBUG 17180 --- [Back_End] [main] .m.m.a.ExceptionHandlerExceptionResolver : ControllerAdvice beans: 1 @ExceptionHandler, 1 ResponseBodyAdvice
2025-08-04T10:36:55.496+05:30  INFO 17180 --- [Back_End] [main] o.s.b.w.embedded.tomcat.TomcatWebServer  : Tomcat started on port 8080 (http) with context path '/'
2025-08-04T10:36:55.501+05:30  INFO 17180 --- [Back_End] [main] c.example.back_end.BackEndApplication    : Started BackEndApplication in 3.634 seconds (process running for 4.316)
2025-08-04T10:37:15.693+05:30  INFO 17180 --- [Back_End] [SpringApplicationShutdownHook] o.s.b.w.e.tomcat.GracefulShutdown        : Commencing graceful shutdown. Waiting for active requests to complete
2025-08-04T10:37:15.706+05:30  INFO 17180 --- [Back_End] [tomcat-shutdown] o.s.b.w.e.tomcat.GracefulShutdown        : Graceful shutdown complete
2025-08-04T10:37:15.709+05:30  INFO 17180 --- [Back_End] [SpringApplicationShutdownHook] j.LocalContainerEntityManagerFactoryBean : Closing JPA EntityManagerFactory for persistence unit 'default'
2025-08-04T10:37:15.710+05:30  INFO 17180 --- [Back_End] [SpringApplicationShutdownHook] com.zaxxer.hikari.HikariDataSource       : HikariPool-1 - Shutdown initiated...
2025-08-04T10:37:15.715+05:30  INFO 17180 --- [Back_End] [SpringApplicationShutdownHook] com.zaxxer.hikari.HikariDataSource       : HikariPool-1 - Shutdown completed.
2025-08-04T10:47:31.938+05:30  INFO 8788 --- [Back_End] [main] c.example.back_end.BackEndApplication    : Starting BackEndApplication using Java 21.0.4 with PID 8788 (D:\IJSE\2nd SEM\AAD-Practise\SpringBoot Project_01\Back_End\target\classes started by Lithira Jayanaka in D:\IJSE\2nd SEM\AAD-Practise\SpringBoot Project_01\Back_End)
2025-08-04T10:47:31.941+05:30 DEBUG 8788 --- [Back_End] [main] c.example.back_end.BackEndApplication    : Running with Spring Boot v3.5.3, Spring v6.2.8
2025-08-04T10:47:31.941+05:30  INFO 8788 --- [Back_End] [main] c.example.back_end.BackEndApplication    : No active profile set, falling back to 1 default profile: "default"
2025-08-04T10:47:32.574+05:30  INFO 8788 --- [Back_End] [main] .s.d.r.c.RepositoryConfigurationDelegate : Bootstrapping Spring Data JPA repositories in DEFAULT mode.
2025-08-04T10:47:32.628+05:30  INFO 8788 --- [Back_End] [main] .s.d.r.c.RepositoryConfigurationDelegate : Finished Spring Data repository scanning in 48 ms. Found 2 JPA repository interfaces.
2025-08-04T10:47:33.052+05:30  INFO 8788 --- [Back_End] [main] o.s.b.w.embedded.tomcat.TomcatWebServer  : Tomcat initialized with port 8080 (http)
2025-08-04T10:47:33.063+05:30  INFO 8788 --- [Back_End] [main] o.apache.catalina.core.StandardService   : Starting service [Tomcat]
2025-08-04T10:47:33.063+05:30  INFO 8788 --- [Back_End] [main] o.apache.catalina.core.StandardEngine    : Starting Servlet engine: [Apache Tomcat/10.1.42]
2025-08-04T10:47:33.104+05:30  INFO 8788 --- [Back_End] [main] o.a.c.c.C.[Tomcat].[localhost].[/]       : Initializing Spring embedded WebApplicationContext
2025-08-04T10:47:33.105+05:30  INFO 8788 --- [Back_End] [main] w.s.c.ServletWebServerApplicationContext : Root WebApplicationContext: initialization completed in 1123 ms
2025-08-04T10:47:33.214+05:30  INFO 8788 --- [Back_End] [main] o.hibernate.jpa.internal.util.LogHelper  : HHH000204: Processing PersistenceUnitInfo [name: default]
2025-08-04T10:47:33.258+05:30  INFO 8788 --- [Back_End] [main] org.hibernate.Version                    : HHH000412: Hibernate ORM core version 6.6.18.Final
2025-08-04T10:47:33.302+05:30  INFO 8788 --- [Back_End] [main] o.h.c.internal.RegionFactoryInitiator    : HHH000026: Second-level cache disabled
2025-08-04T10:47:33.526+05:30  INFO 8788 --- [Back_End] [main] o.s.o.j.p.SpringPersistenceUnitInfo      : No LoadTimeWeaver setup: ignoring JPA class transformer
2025-08-04T10:47:33.549+05:30  INFO 8788 --- [Back_End] [main] com.zaxxer.hikari.HikariDataSource       : HikariPool-1 - Starting...
2025-08-04T10:47:33.811+05:30  INFO 8788 --- [Back_End] [main] com.zaxxer.hikari.pool.HikariPool        : HikariPool-1 - Added connection com.mysql.cj.jdbc.ConnectionImpl@2e0516a3
2025-08-04T10:47:33.813+05:30  INFO 8788 --- [Back_End] [main] com.zaxxer.hikari.HikariDataSource       : HikariPool-1 - Start completed.
2025-08-04T10:47:33.862+05:30  WARN 8788 --- [Back_End] [main] org.hibernate.orm.deprecation            : HHH90000025: MySQLDialect does not need to be specified explicitly using 'hibernate.dialect' (remove the property setting and it will be selected by default)
2025-08-04T10:47:33.878+05:30  INFO 8788 --- [Back_End] [main] org.hibernate.orm.connections.pooling    : HHH10001005: Database info:
	Database JDBC URL [Connecting through datasource 'HikariDataSource (HikariPool-1)']
	Database driver: undefined/unknown
	Database version: 8.0.42
	Autocommit mode: undefined/unknown
	Isolation level: undefined/unknown
	Minimum pool size: undefined/unknown
	Maximum pool size: undefined/unknown
2025-08-04T10:47:34.591+05:30  INFO 8788 --- [Back_End] [main] o.h.e.t.j.p.i.JtaPlatformInitiator       : HHH000489: No JTA platform available (set 'hibernate.transaction.jta.platform' to enable JTA platform integration)
2025-08-04T10:47:34.633+05:30  INFO 8788 --- [Back_End] [main] j.LocalContainerEntityManagerFactoryBean : Initialized JPA EntityManagerFactory for persistence unit 'default'
2025-08-04T10:47:34.884+05:30 DEBUG 8788 --- [Back_End] [main] c.example.back_end.util.JwtAuthFilter    : Filter 'jwtAuthFilter' configured for use
2025-08-04T10:47:34.959+05:30  INFO 8788 --- [Back_End] [main] o.s.d.j.r.query.QueryEnhancerFactory     : Hibernate is in classpath; If applicable, HQL parser will be used.
2025-08-04T10:47:35.035+05:30  WARN 8788 --- [Back_End] [main] JpaBaseConfiguration$JpaWebConfiguration : spring.jpa.open-in-view is enabled by default. Therefore, database queries may be performed during view rendering. Explicitly configure spring.jpa.open-in-view to disable this warning
2025-08-04T10:47:35.073+05:30  INFO 8788 --- [Back_End] [main] eAuthenticationProviderManagerConfigurer : Global AuthenticationManager configured with AuthenticationProvider bean with name authenticationProvider
2025-08-04T10:47:35.074+05:30  WARN 8788 --- [Back_End] [main] r$InitializeUserDetailsManagerConfigurer : Global AuthenticationManager configured with an AuthenticationProvider bean. UserDetailsService beans will not be used by Spring Security for automatically configuring username/password login. Consider removing the AuthenticationProvider bean. Alternatively, consider using the UserDetailsService in a manually instantiated DaoAuthenticationProvider. If the current configuration is intentional, to turn off this warning, increase the logging level of 'org.springframework.security.config.annotation.authentication.configuration.InitializeUserDetailsBeanManagerConfigurer' to ERROR
2025-08-04T10:47:35.194+05:30 DEBUG 8788 --- [Back_End] [main] s.w.s.m.m.a.RequestMappingHandlerMapping : 10 mappings in 'requestMappingHandlerMapping'
2025-08-04T10:47:35.280+05:30 DEBUG 8788 --- [Back_End] [main] o.s.w.s.handler.SimpleUrlHandlerMapping  : Patterns [/webjars/**, /**] in 'resourceHandlerMapping'
2025-08-04T10:47:35.383+05:30 DEBUG 8788 --- [Back_End] [main] s.w.s.m.m.a.RequestMappingHandlerAdapter : ControllerAdvice beans: 0 @ModelAttribute, 0 @InitBinder, 1 RequestBodyAdvice, 1 ResponseBodyAdvice
2025-08-04T10:47:35.427+05:30 DEBUG 8788 --- [Back_End] [main] .m.m.a.ExceptionHandlerExceptionResolver : ControllerAdvice beans: 1 @ExceptionHandler, 1 ResponseBodyAdvice
2025-08-04T10:47:35.553+05:30  INFO 8788 --- [Back_End] [main] o.s.b.w.embedded.tomcat.TomcatWebServer  : Tomcat started on port 8080 (http) with context path '/'
2025-08-04T10:47:35.560+05:30  INFO 8788 --- [Back_End] [main] c.example.back_end.BackEndApplication    : Started BackEndApplication in 4.043 seconds (process running for 4.638)
2025-08-04T10:47:39.743+05:30  INFO 8788 --- [Back_End] [http-nio-8080-exec-1] o.a.c.c.C.[Tomcat].[localhost].[/]       : Initializing Spring DispatcherServlet 'dispatcherServlet'
2025-08-04T10:47:39.744+05:30  INFO 8788 --- [Back_End] [http-nio-8080-exec-1] o.s.web.servlet.DispatcherServlet        : Initializing Servlet 'dispatcherServlet'
2025-08-04T10:47:39.744+05:30 DEBUG 8788 --- [Back_End] [http-nio-8080-exec-1] o.s.web.servlet.DispatcherServlet        : Detected StandardServletMultipartResolver
2025-08-04T10:47:39.744+05:30 DEBUG 8788 --- [Back_End] [http-nio-8080-exec-1] o.s.web.servlet.DispatcherServlet        : Detected AcceptHeaderLocaleResolver
2025-08-04T10:47:39.744+05:30 DEBUG 8788 --- [Back_End] [http-nio-8080-exec-1] o.s.web.servlet.DispatcherServlet        : Detected FixedThemeResolver
2025-08-04T10:47:39.746+05:30 DEBUG 8788 --- [Back_End] [http-nio-8080-exec-1] o.s.web.servlet.DispatcherServlet        : Detected org.springframework.web.servlet.view.DefaultRequestToViewNameTranslator@402adc9c
2025-08-04T10:47:39.746+05:30 DEBUG 8788 --- [Back_End] [http-nio-8080-exec-1] o.s.web.servlet.DispatcherServlet        : Detected org.springframework.web.servlet.support.SessionFlashMapManager@6bab373c
2025-08-04T10:47:39.746+05:30 DEBUG 8788 --- [Back_End] [http-nio-8080-exec-1] o.s.web.servlet.DispatcherServlet        : enableLoggingRequestDetails='false': request parameters and headers will be masked to prevent unsafe logging of potentially sensitive data
2025-08-04T10:47:39.746+05:30  INFO 8788 --- [Back_End] [http-nio-8080-exec-1] o.s.web.servlet.DispatcherServlet        : Completed initialization in 2 ms
2025-08-04T10:48:16.532+05:30 DEBUG 8788 --- [Back_End] [http-nio-8080-exec-4] o.s.web.servlet.DispatcherServlet        : POST "/auth/login", parameters={}
2025-08-04T10:48:16.534+05:30 DEBUG 8788 --- [Back_End] [http-nio-8080-exec-4] s.w.s.m.m.a.RequestMappingHandlerMapping : Mapped to com.example.back_end.controller.AuthController#login(AuthDTO)
2025-08-04T10:48:16.595+05:30 DEBUG 8788 --- [Back_End] [http-nio-8080-exec-4] m.m.a.RequestResponseBodyMethodProcessor : Read "application/json;charset=UTF-8" to [AuthDTO(username=lithira, password=1234)]
2025-08-04T10:48:16.784+05:30 DEBUG 8788 --- [Back_End] [http-nio-8080-exec-4] .m.m.a.ExceptionHandlerExceptionResolver : Using @ExceptionHandler com.example.back_end.exceptions.GlobalExceptionHandler#handleBadCredentialsException(BadCredentialsException)
2025-08-04T10:48:16.801+05:30 DEBUG 8788 --- [Back_End] [http-nio-8080-exec-4] m.m.a.RequestResponseBodyMethodProcessor : Using 'application/json', given [*/*] and supported [application/json, application/*+json]
2025-08-04T10:48:16.804+05:30 DEBUG 8788 --- [Back_End] [http-nio-8080-exec-4] m.m.a.RequestResponseBodyMethodProcessor : Writing [APIResponse(status=401, message=Incorrect password, data=null)]
2025-08-04T10:48:16.814+05:30 DEBUG 8788 --- [Back_End] [http-nio-8080-exec-4] .m.m.a.ExceptionHandlerExceptionResolver : Resolved [org.springframework.security.authentication.BadCredentialsException: Incorrect password]
2025-08-04T10:48:16.815+05:30 DEBUG 8788 --- [Back_End] [http-nio-8080-exec-4] o.s.web.servlet.DispatcherServlet        : Completed 401 UNAUTHORIZED
2025-08-04T10:48:23.375+05:30 DEBUG 8788 --- [Back_End] [http-nio-8080-exec-5] o.s.web.servlet.DispatcherServlet        : POST "/auth/login", parameters={}
2025-08-04T10:48:23.375+05:30 DEBUG 8788 --- [Back_End] [http-nio-8080-exec-5] s.w.s.m.m.a.RequestMappingHandlerMapping : Mapped to com.example.back_end.controller.AuthController#login(AuthDTO)
2025-08-04T10:48:23.376+05:30 DEBUG 8788 --- [Back_End] [http-nio-8080-exec-5] m.m.a.RequestResponseBodyMethodProcessor : Read "application/json;charset=UTF-8" to [AuthDTO(username=lithira, password=123)]
2025-08-04T10:48:23.471+05:30 DEBUG 8788 --- [Back_End] [http-nio-8080-exec-5] o.s.w.s.m.m.a.HttpEntityMethodProcessor  : Using 'application/json', given [*/*] and supported [application/json, application/*+json]
2025-08-04T10:48:23.472+05:30 DEBUG 8788 --- [Back_End] [http-nio-8080-exec-5] o.s.w.s.m.m.a.HttpEntityMethodProcessor  : Writing [APIResponse(status=200, message=User Login Success !!, data=AuthResponseDTO(token=eyJhbGciOiJIUzI1Ni (truncated)...]
2025-08-04T10:48:23.474+05:30 DEBUG 8788 --- [Back_End] [http-nio-8080-exec-5] o.s.web.servlet.DispatcherServlet        : Completed 200 OK
2025-08-04T11:13:12.898+05:30  INFO 8788 --- [Back_End] [SpringApplicationShutdownHook] o.s.b.w.e.tomcat.GracefulShutdown        : Commencing graceful shutdown. Waiting for active requests to complete
2025-08-04T11:13:12.910+05:30  INFO 8788 --- [Back_End] [tomcat-shutdown] o.s.b.w.e.tomcat.GracefulShutdown        : Graceful shutdown complete
2025-08-04T11:13:12.913+05:30  INFO 8788 --- [Back_End] [SpringApplicationShutdownHook] j.LocalContainerEntityManagerFactoryBean : Closing JPA EntityManagerFactory for persistence unit 'default'
2025-08-04T11:13:12.915+05:30  INFO 8788 --- [Back_End] [SpringApplicationShutdownHook] com.zaxxer.hikari.HikariDataSource       : HikariPool-1 - Shutdown initiated...
2025-08-04T11:13:12.918+05:30  INFO 8788 --- [Back_End] [SpringApplicationShutdownHook] com.zaxxer.hikari.HikariDataSource       : HikariPool-1 - Shutdown completed.
